<?xml version="1.0" encoding="UTF-8"?>
<!-- Generated by org.testng.reporters.JUnitXMLReporter -->
<testsuite ignored="0" hostname="DESKTOP-OI1TN93" failures="0" tests="3" name="Test" time="8.741" errors="0" timestamp="03 Jan 2022 07:31:15 GMT">
  <testcase classname="com.testing.features.ParallelTest" name="facebook" time="3.852"/>
  <testcase classname="com.testing.features.ParallelTest" name="amazon" time="6.079"/>
  <testcase classname="com.testing.features.ParallelTest" name="webApplication" time="4.869"/>
</testsuite> <!-- Test -->
